make.exe all --print-data-base --no-builtin-variables --no-builtin-rules --question
make: *** No rule to make target 'all'.  Stop.

# GNU Make 4.3.90
# Built for x86_64-w64-mingw32
# Copyright (C) 1988-2022 Free Software Foundation, Inc.
# License GPLv3+: GNU GPL version 3 or later <https://gnu.org/licenses/gpl.html>
# This is free software: you are free to change and redistribute it.
# There is NO WARRANTY, to the extent permitted by law.

# Make data base, printed on Tue Jul 12 11:32:34 2022

# Variables

# environment
SYSTEMDRIVE = C:
# environment
LC_ALL = C
# environment
USERPROFILE = C:\Users\lmh12138
# environment
LOCALAPPDATA = C:\Users\lmh12138\AppData\Local
# environment
VSCODE_CWD = C:\Users\lmh12138\Desktop\RM-ME_EC
# environment
SYSTEMROOT = C:\WINDOWS
# environment
PROCESSOR_LEVEL = 6
# environment
PSMODULEPATH = %ProgramFiles%\WindowsPowerShell\Modules;C:\WINDOWS\system32\WindowsPowerShell\v1.0\Modules;C:\Program Files (x86)\Microsoft SQL Server\120\Tools\PowerShell\Modules\
# default
MAKE_COMMAND := make.exe
# environment
CUDA_PATH_V10_0 = C:\Program Files\NVIDIA GPU Computing Toolkit\CUDA\v10.0
# automatic
@D = $(patsubst %/,%,$(patsubst %\,%,$(dir $@)))
# environment
CHROME_CRASHPAD_PIPE_NAME = \\.\pipe\crashpad_6128_OPTROQYHEORKFZCG
# environment
CM2015DIR = C:\Program Files (x86)\Common Files\Autodesk Shared\Materials\
# environment
VSCODE_HANDLES_UNCAUGHT_ERRORS = true
# default
.VARIABLES := 
# automatic
%D = $(patsubst %/,%,$(patsubst %\,%,$(dir $%)))
# environment
SW_SIM_HYDRA = C:\Program Files\Common Files\SolidWorks Shared\Simulation Worker Agent\
# automatic
^D = $(patsubst %/,%,$(patsubst %\,%,$(dir $^)))
# automatic
%F = $(notdir $%)
# environment
VSCODE_CODE_CACHE_PATH = C:\Users\lmh12138\AppData\Roaming\Code\CachedData\92d25e35d9bf1a6b16f7d0758f25d48ace11e5b9
# environment
LANG = C
# default
.LOADED := 
# environment
TMP = C:\Users\lmh12138\AppData\Local\Temp
# default
.INCLUDE_DIRS := 
# environment
CONFIGSETROOT = C:\WINDOWS\ConfigSetRoot
# makefile
MAKEFLAGS = pqrR
# environment
INTEL_DEV_REDIST = C:\Program Files (x86)\Common Files\Intel\Shared Libraries\
# environment
ONEDRIVE = F:\onedrive
# environment
INTELLIJ IDEA COMMUNITY EDITION = D:\IDEA\IntelliJ IDEA Community Edition 2020.1.1\bin;
# makefile
CURDIR := c:/Users/lmh12138/Desktop/RM-ME_EC/qt
# environment
APPLICATION_INSIGHTS_NO_DIAGNOSTIC_CHANNEL = true
# automatic
*D = $(patsubst %/,%,$(patsubst %\,%,$(dir $*)))
# environment
PROGRAMFILES = C:\Program Files
# environment
MFLAGS = -pqrR
# default
.SHELLFLAGS := -c
# environment
COMMONPROGRAMW6432 = C:\Program Files\Common Files
# automatic
+D = $(patsubst %/,%,$(patsubst %\,%,$(dir $+)))
# makefile
MAKEFILE_LIST := 
# automatic
@F = $(notdir $@)
# environment
VSCODE_PID = 6128
# environment
CUDA_PATH = C:\Program Files\NVIDIA GPU Computing Toolkit\CUDA\v10.0
# automatic
?D = $(patsubst %/,%,$(patsubst %\,%,$(dir $?)))
# automatic
*F = $(notdir $*)
# environment
SW_SIM_TEMP = C:\ProgramData\SOLIDWORKS\SW_net_sim_temp\
# automatic
<D = $(patsubst %/,%,$(patsubst %\,%,$(dir $<)))
# environment
VSCODE_NLS_CONFIG = {"locale":"zh-cn","availableLanguages":{"*":"zh-cn"},"_languagePackId":"c9280508cf500dcd9c4c87fe2a1b08e9.zh-cn","_translationsConfigFile":"C:\\Users\\lmh12138\\AppData\\Roaming\\Code\\clp\\c9280508cf500dcd9c4c87fe2a1b08e9.zh-cn\\tcf.json","_cacheRoot":"C:\\Users\\lmh12138\\AppData\\Roaming\\Code\\clp\\c9280508cf500dcd9c4c87fe2a1b08e9.zh-cn","_resolvedLanguagePackCoreLocation":"C:\\Users\\lmh12138\\AppData\\Roaming\\Code\\clp\\c9280508cf500dcd9c4c87fe2a1b08e9.zh-cn\\92d25e35d9bf1a6b16f7d0758f25d48ace11e5b9","_corruptedFile":"C:\\Users\\lmh12138\\AppData\\Roaming\\Code\\clp\\c9280508cf500dcd9c4c87fe2a1b08e9.zh-cn\\corrupted.info","_languagePackSupport":true}
# environment
ONEDRIVECONSUMER = F:\onedrive
# default
MAKE_HOST := x86_64-w64-mingw32
# environment
PROGRAMDATA = C:\ProgramData
# default
SHELL := C:/xpack-windows-build-tools-4.3.0-1/bin/sh.exe
# environment
HOMEPATH = \Users\lmh12138
# default
MAKECMDGOALS := all
# environment
DRIVERDATA = C:\Windows\System32\Drivers\DriverData
# environment
COMSPEC = C:\WINDOWS\system32\cmd.exe
# environment
DOCKER_TOOLBOX_INSTALL_PATH = C:\Program Files\Docker Toolbox
# environment
WINDIR = C:\WINDOWS
# environment
MAKELEVEL := 0
# default
MAKE = $(MAKE_COMMAND)
# environment
PATH = C:\Program Files\Common Files\Oracle\Java\javapath;C:\Program Files (x86)\NVIDIA Corporation\PhysX\Common;C:\Program Files\python\Scripts;C:\Program Files\NVIDIA GPU Computing Toolkit\CUDA\v10.0\bin;C:\Program Files\NVIDIA GPU Computing Toolkit\CUDA\v10.0\libnvvp;C:\Program Files\NVIDIA GPU Computing Toolkit\CUDA\v10.2\bin;C:\Program Files\NVIDIA GPU Computing Toolkit\CUDA\v10.2\libnvvp;C:\Program Files (x86)\Common Files\Oracle\Java\javapath;C:\Program Files (x86)\Common Files\Intel\Shared Libraries\redist\ia32\compiler;C:\Program Files (x86)\Common Files\Intel\Shared Libraries\redist\intel64\compiler;C:\Windows\system32;C:\Windows;C:\Windows\System32\Wbem;C:\Windows\System32\WindowsPowerShell\v1.0\;C:\Windows\System32\OpenSSH\;C:\Program Files\NVIDIA Corporation\NVIDIA NvDLISR;C:\Program Files (x86)\Windows Kits\8.1\Windows Performance Toolkit\;D:\Matlab\runtime\win64;D:\Matlab\bin;D:\Matlab\polyspace\bin;C:\Program Files\Microsoft SQL Server\130\Tools\Binn\;C:\Program Files\Microsoft SQL Server\Client SDK\ODBC\170\Tools\Binn\;C:\Program Files\Microsoft SQL Server\120\Tools\Binn\;C:\Program Files\python\;C:\WINDOWS\system32;C:\WINDOWS;C:\WINDOWS\System32\Wbem;C:\WINDOWS\System32\WindowsPowerShell\v1.0\;C:\WINDOWS\System32\OpenSSH\;D:\MinGW-W64\mingw64\bin;C:\Users\lmh12138\AppData\Local\Programs\Python\Python39\Scripts;C:\Program Files\Common Files\Autodesk Shared\;C:\Program Files\Microsoft SQL Server\Client SDK\ODBC\110\Tools\Binn\;C:\Program Files (x86)\Microsoft SQL Server\120\Tools\Binn\;C:\Program Files\Microsoft SQL Server\120\DTS\Binn\;C:\Program Files\Git\cmd;C:\Program Files (x86)\Common Files\Propellerhead Software\ReWire\;C:\Program Files\Common Files\Propellerhead Software\ReWire\;C:\Program Files (x86)\MAVProxy;C:\Program Files\CMake\bin;C:\Strawberry\c\bin;C:\Strawberry\perl\site\bin;C:\Strawberry\perl\bin;C:\Qt\Qt5.9.9\Tools\mingw530_32\bin;C:\Program Files (x86)\Arm GNU Toolchain arm-none-eabi\11.2 2022.02\bin;C:\Program Files (x86)\GNU Arm Embedded Toolchain\10 2021.10\bin;C:\Cadence\Cadence_SPB_16.6\openaccess\bin\win32\opt;C:\Cadence\Cadence_SPB_16.6\tools\capture;C:\Cadence\Cadence_SPB_16.6\tools\pspice;C:\Cadence\Cadence_SPB_16.6\tools\specctra\bin;C:\Cadence\Cadence_SPB_16.6\tools\fet\bin;C:\Cadence\Cadence_SPB_16.6\tools\libutil\bin;C:\Cadence\Cadence_SPB_16.6\tools\bin;C:\Cadence\Cadence_SPB_16.6\tools\pcb\bin;C:\Users\lmh12138\AppData\Local\Programs\Python\Python39\Scripts\;C:\Users\lmh12138\AppData\Local\Programs\Python\Python39\;C:\Users\lmh12138\AppData\Local\Microsoft\WindowsApps;C:\Users\lmh12138\AppData\Local\GitHubDesktop\bin;D:\IDEA\IntelliJ IDEA Community Edition 2020.1.1\bin;C:\Users\lmh12138\AppData\Local\Microsoft\WindowsApps;C:\Program Files\Docker Toolbox;D:\Microsoft VS Code\bin;C:\xpack-windows-build-tools-4.3.0-1\bin;C:\Qt\Qt5.9.9\5.9.9\msvc2013_64\bin;C:\Qt\Qt5.9.9\5.9.9\msvc2017_64\bin
# environment
COMPUTERNAME = LAPTOP-ED37KLJJ
# default
MAKEFILES := 
# automatic
^F = $(notdir $^)
# environment
SW_SIM_MPIT = INTELMPI
# environment
PROMPT = $P$G
# environment
NVTOOLSEXT_PATH = C:\Program Files\NVIDIA Corporation\NvToolsExt\
# environment
LOGONSERVER = \\LAPTOP-ED37KLJJ
# environment
USERNAME = lmh12138
# environment
COMMONPROGRAMFILES = C:\Program Files\Common Files
# environment
DOCKER_HOST = tcp://192.168.99.100:2376
# automatic
?F = $(notdir $?)
# environment
PROGRAMW6432 = C:\Program Files
# environment
NO_PROXY = 192.168.99.100
# environment
PATHEXT = .COM;.EXE;.BAT;.CMD;.VBS;.VBE;.JS;.JSE;.WSF;.WSH;.MSC
# automatic
+F = $(notdir $+)
# environment
ORIGINAL_XDG_CURRENT_DESKTOP = undefined
# environment
USERDOMAIN = LAPTOP-ED37KLJJ
# 'override' directive
GNUMAKEFLAGS := 
# environment
OS = Windows_NT
# environment
CUDA_PATH_V10_2 = C:\Program Files\NVIDIA GPU Computing Toolkit\CUDA\v10.2
# environment
CHDL_LIB_INST_DIR = C:\Cadence\Cadence_SPB_16.6
# makefile
.DEFAULT_GOAL := 
# environment
CONCEPT_INST_DIR = C:\Cadence\Cadence_SPB_16.6
# environment
DOCKER_TLS_VERIFY = 1
# environment
DOCKER_MACHINE_NAME = default
# default
MAKE_VERSION := 4.3.90
# environment
PROGRAMFILES(X86) = C:\Program Files (x86)
# environment
NVCUDASAMPLES_ROOT = C:\ProgramData\NVIDIA Corporation\CUDA Samples\v10.0
# environment
USERDOMAIN_ROAMINGPROFILE = LAPTOP-ED37KLJJ
# environment
NUMBER_OF_PROCESSORS = 12
# environment
CDS_LIC_FILE = C:\Cadence\LicenseManager\license.dat
# environment
PUBLIC = C:\Users\Public
# environment
ASL.LOG = Destination=file
# environment
NVCUDASAMPLES10_0_ROOT = C:\ProgramData\NVIDIA Corporation\CUDA Samples\v10.0
# environment
MOZ_PLUGIN_PATH = C:\Program Files (x86)\Foxit Software\Foxit Phantom\plugins\
# environment
APPDATA = C:\Users\lmh12138\AppData\Roaming
# environment
HOMEDRIVE = C:
# environment
CDSROOT = C:\Cadence\Cadence_SPB_16.6
# environment
PROCESSOR_ARCHITECTURE = AMD64
# environment
NVCUDASAMPLES10_2_ROOT = C:\ProgramData\NVIDIA Corporation\CUDA Samples\v10.2
# environment
VSCODE_AMD_ENTRYPOINT = vs/workbench/api/node/extensionHostProcess
# environment
HOME = C:\Cadence\SPB_Data
# environment
COMMONPROGRAMFILES(X86) = C:\Program Files (x86)\Common Files
# environment
OA_PLUGIN_PATH = C:\Cadence\Cadence_SPB_16.6\Share\oaPlugIns
# environment
ELECTRON_RUN_AS_NODE = 1
# environment
TEMP = C:\Users\lmh12138\AppData\Local\Temp
# environment
VSCODE_IPC_HOOK = \\.\pipe\f01d91ef89965320a9e111483bde4f95-1.69.0-main-sock
# environment
ADSK_3DSMAX_X64_2020 = D:\3dmax\3ds Max 2020\
# default
.RECIPEPREFIX := 
# automatic
<F = $(notdir $<)
# default
SUFFIXES := 
# environment
ALLUSERSPROFILE = C:\ProgramData
# default
.FEATURES := target-specific order-only second-expansion else-if shortest-stem undefine oneshell nocomment grouped-target extra-prereqs notintermediate archives jobserver output-sync maintainer
# environment
MIC_LD_LIBRARY_PATH = C:\Program Files (x86)\Common Files\Intel\Shared Libraries\compiler\lib\mic
# environment
PROCESSOR_REVISION = 9e0a
# environment
COMPOSE_CONVERT_WINDOWS_PATHS = true
# environment
CDS_LIC_ONLY = 1
# environment
DOCKER_CERT_PATH = C:\Users\lmh12138\.docker\machine\machines\default
# environment
PROCESSOR_IDENTIFIER = Intel64 Family 6 Model 158 Stepping 10, GenuineIntel
# variable set hash-table stats:
# Load=118/1024=12%, Rehash=0, Collisions=11/141=8%

# Pattern-specific Variable Values

# No pattern-specific variable values.

# Directories

# . (key c:/Users/lmh12138/Desktop/RM-ME_EC/qt, mtime 1657517152): 9 files, no impossibilities.

# 9 files, no impossibilities in 1 directories.

# Implicit Rules

# No implicit rules.

# Files

# Not a target:
Makefile:
#  Implicit rule search has been done.
#  File does not exist.
#  File has been updated.
#  Failed to be updated.

# Not a target:
.DEFAULT:
#  Implicit rule search has not been done.
#  Modification time never checked.
#  File has not been updated.

# Not a target:
all:
#  Command line target.
#  Implicit rule search has been done.
#  File does not exist.
#  File has not been updated.

# Not a target:
makefile:
#  Implicit rule search has been done.
#  File does not exist.
#  File has been updated.
#  Failed to be updated.

# Not a target:
makefile.mak:
#  Implicit rule search has been done.
#  File does not exist.
#  File has been updated.
#  Failed to be updated.

# Not a target:
GNUmakefile:
#  Implicit rule search has been done.
#  File does not exist.
#  File has been updated.
#  Failed to be updated.

# files hash-table stats:
# Load=7/1024=1%, Rehash=0, Collisions=0/17=0%
# VPATH Search Paths

# No 'vpath' search paths.

# No general ('VPATH' variable) search path.

# strcache buffers: 1 (0) / strings = 16 / storage = 128 B / avg = 8 B
# current buf: size = 8162 B / used = 128 B / count = 16 / avg = 8 B

# strcache performance: lookups = 18 / hit rate = 11%
# hash-table stats:
# Load=16/8192=0%, Rehash=0, Collisions=0/18=0%
# Finished Make data base on Tue Jul 12 11:32:34 2022

 
